22:11:43 <INFO> Started REINVENT 4.7.15 (C) AstraZeneca 2017, 2023 on 2026-02-19
22:11:43 <INFO> Command line: /home/michael-kaiser/anaconda3/envs/reinvent4/bin/reinvent -l results/rl_run.log rl_ppar_docking.toml
22:11:43 <INFO> Reading run configuration from /home/michael-kaiser/reinvent_docking/rl_ppar_docking.toml using format toml
22:11:43 <INFO> User michael-kaiser on host michael-kaiser-Swift-SF314-43
22:11:43 <INFO> Python version 3.10.19
22:11:43 <INFO> PyTorch version 2.10.0+cpu, git 449b1768410104d3ed79d3bcfe4ba1d65c7f22c0
22:11:43 <INFO> PyTorch compiled with CUDA version None
22:11:43 <INFO> RDKit version 2025.09.5
22:11:43 <INFO> Platform Linux-6.14.0-33-generic-x86_64-with-glibc2.39
22:11:43 <INFO> Number of PyTorch CUDA devices 0
22:11:43 <WARN> 'use_cuda' is deprecated, use 'device' instead
22:11:43 <INFO> Using CPU x86_64
22:11:43 <INFO> Starting 1 stage of Reinforcement Learning
22:11:43 <INFO> /home/michael-kaiser/reinvent_docking/reinvent.prior has valid hash:
{ 'comments': [],
  'creation_date': 0,
  'date_format': 'UNIX epoch',
  'hash_id': '173568c36e1fc3d95cab289c7d31ce0b',
  'hash_id_format': 'xxhash.xxh3_128_hex 3.4.1',
  'model_id': '55d68f8a81c04f5a86304ebe1723a0ea',
  'model_id_format': 'uuid.uuid4 3.10.12',
  'origina_data_source': 'ChEMBL 25',
  'updates': []}
22:11:43 <INFO> Number of network parameters: 5,805,602
22:11:43 <INFO> Network architecture:
RNN(
  (_embedding): Embedding(34, 256)
  (_rnn): LSTM(256, 512, num_layers=3, batch_first=True)
  (_linear): Linear(in_features=512, out_features=34, bias=True)
)
22:11:43 <INFO> /home/michael-kaiser/reinvent_docking/reinvent.prior has valid hash:
{ 'comments': [],
  'creation_date': 0,
  'date_format': 'UNIX epoch',
  'hash_id': '173568c36e1fc3d95cab289c7d31ce0b',
  'hash_id_format': 'xxhash.xxh3_128_hex 3.4.1',
  'model_id': '55d68f8a81c04f5a86304ebe1723a0ea',
  'model_id_format': 'uuid.uuid4 3.10.12',
  'origina_data_source': 'ChEMBL 25',
  'updates': []}
22:11:43 <INFO> Number of network parameters: 5,805,602
22:11:43 <INFO> Network architecture:
RNN(
  (_embedding): Embedding(34, 256)
  (_rnn): LSTM(256, 512, num_layers=3, batch_first=True)
  (_linear): Linear(in_features=512, out_features=34, bias=True)
)
22:11:43 <INFO> Using generator Reinvent
22:11:43 <INFO> Prior read from /home/michael-kaiser/reinvent_docking/reinvent.prior
22:11:43 <INFO> Agent read from /home/michael-kaiser/reinvent_docking/reinvent.prior
22:11:43 <INFO> Using reward strategy dap
22:11:43 <INFO> Using diversity filter IdenticalMurckoScaffold
22:11:43 <INFO> Purging diversity filter memories after each stage
22:11:43 <WARN> Inception disabled but may speed up convergence
22:11:43 <INFO> Registered scoring component ROCSSimilarity
22:11:43 <INFO> Registered scoring component GroupCount
22:11:43 <INFO> Registered scoring component FragmentQed
22:11:43 <INFO> Registered scoring component FragmentSlogP
22:11:43 <INFO> Registered scoring component FragmentMolecularWeight
22:11:43 <INFO> Registered scoring component FragmentTPSA
22:11:43 <INFO> Registered scoring component FragmentDistanceMatrix
22:11:43 <INFO> Registered scoring component FragmentNumAtomStereoCenters
22:11:43 <INFO> Registered scoring component FragmentHBondAcceptors
22:11:43 <INFO> Registered scoring component FragmentHBondDonors
22:11:43 <INFO> Registered scoring component FragmentNumRotBond
22:11:43 <INFO> Registered scoring component FragmentCsp3
22:11:43 <INFO> Registered scoring component Fragmentnumsp
22:11:43 <INFO> Registered scoring component Fragmentnumsp2
22:11:43 <INFO> Registered scoring component Fragmentnumsp3
22:11:43 <INFO> Registered scoring component FragmentEffectiveLength
22:11:43 <INFO> Registered scoring component FragmentGraphLength
22:11:43 <INFO> Registered scoring component FragmentLengthRatio
22:11:43 <INFO> Registered scoring component FragmentNumHeavyAtoms
22:11:43 <INFO> Registered scoring component FragmentNumHeteroAtoms
22:11:43 <INFO> Registered scoring component FragmentNumRings
22:11:43 <INFO> Registered scoring component FragmentNumAromaticRings
22:11:43 <INFO> Registered scoring component FragmentNumAliphaticRings
22:11:43 <INFO> Registered scoring component FragmentSlogP
22:11:43 <INFO> Registered scoring component MatchingSubstructure
22:11:43 <INFO> Registered scoring component MolVolume
22:11:43 <INFO> Registered scoring component Qed
22:11:43 <INFO> Registered scoring component LargestRingSize
22:11:43 <INFO> Registered scoring component MolecularWeight
22:11:43 <INFO> Registered scoring component GraphLength
22:11:43 <INFO> Registered scoring component NumAtomStereoCenters
22:11:43 <INFO> Registered scoring component HBondAcceptors
22:11:43 <INFO> Registered scoring component HBondDonors
22:11:43 <INFO> Registered scoring component NumRotBond
22:11:43 <INFO> Registered scoring component Csp3
22:11:43 <INFO> Registered scoring component numsp
22:11:43 <INFO> Registered scoring component numsp2
22:11:43 <INFO> Registered scoring component numsp3
22:11:43 <INFO> Registered scoring component NumHeavyAtoms
22:11:43 <INFO> Registered scoring component NumHeteroAtoms
22:11:43 <INFO> Registered scoring component NumRings
22:11:43 <INFO> Registered scoring component NumAromaticRings
22:11:43 <INFO> Registered scoring component NumAliphaticRings
22:11:43 <INFO> Registered scoring component SlogP
22:11:43 <INFO> Registered scoring component LargestRingSize
22:11:43 <INFO> Registered scoring component PMI
22:11:43 <INFO> Registered scoring component RDKitDescriptors
22:11:43 <INFO> Registered scoring component TanimotoSimilarity
22:11:43 <INFO> Registered scoring component TanimotoDistance
22:11:43 <INFO> Registered scoring component TPSA
22:11:43 <INFO> Registered scoring component SAScore
22:11:44 <ERRO> Component reinvent_plugins.components.comp_chemprop could not be imported: No module named 'pkg_resources'
22:11:44 <INFO> Registered scoring component CustomAlerts
22:11:44 <INFO> Registered scoring component DockStream
22:11:44 <INFO> Registered scoring component ExternalProcess
22:11:44 <INFO> Registered scoring component REST
22:11:44 <INFO> Registered scoring component Icolos
22:11:44 <INFO> Registered scoring component MMP
22:11:44 <INFO> Registered scoring component Qptuna
22:11:44 <INFO> Registered scoring component ReactionFilter
22:11:44 <INFO> Registered scoring component RingPrecedence
22:11:44 <INFO> Registered scoring component Maize
22:11:44 <INFO> Registered scoring component SynthSense
22:11:44 <INFO> Registered scoring component CAZP
22:11:44 <INFO> Creating scoring component DockStream
22:11:44 <INFO> Creating scoring component DockStream
22:11:44 <INFO> Creating scoring component QED
22:11:44 <INFO> Creating scoring component MolecularWeight
22:11:44 <INFO> Creating filter component custom_alerts
22:11:44 <INFO> Writing tabular data for stage to summary_1.csv
22:11:44 <INFO> Starting stage 1 <<<
22:19:41 <CRIT> Received exception ('Signal 2'): saving checkpoint and then terminate
